artistName,title,appleMusicID,deezerID,dateAdded,isTrack
BEC,Phantasy - Single,1668890210,None,2023-03-15T15:35:17Z,False
Kanine,Ultralight (A.M.C Remix) - Single,1672655217,None,2023-03-06T13:56:36Z,False
Juveniles,Juveniles - EP,1201377221,None,2023-03-02T15:50:57Z,False
Skrillex,Quest For Fire,1672154692,None,2023-02-19T19:26:40Z,False
Gorillaz,Plastic Beach,859841880,None,2023-02-16T14:35:07Z,False
Kasablanca,Am I Dreaming? - Single,1661790379,None,2023-01-24T18:05:20Z,False
The Prototypes,Interaction - Single,1659094975,None,2023-01-19T17:33:31Z,False
The MD X-Spress,God Made Me Phunky,283332007,None,2022-12-22T01:07:31Z,False
Synergy & Lauren L'aimant,Where You Belong / Aurora - Single,1645581978,None,2022-11-16T16:51:48Z,False
Bob's Burgers,The Bob's Burgers Music Album, Vol. 2,1567171620,None,2022-11-02T14:01:39Z,False
Various Artists,90's Mixtape,1564333780,None,2022-10-14T20:14:58Z,False
Don't Hug Me I'm Scared,The Healthy Song - Single,1135098515,None,2022-10-03T12:57:37Z,False
Arkells,Blink Twice (Extended),1652973487,None,2022-09-24T23:14:23Z,False
Danny Michel,Feather, Fur & Fin,275426033,None,2022-09-03T23:47:25Z,False
Pendulum,Immersion (Deluxe Version),414575481,None,2022-08-29T02:04:27Z,False
DJ Andy,The Movement EP,1636297087,None,2022-08-26T14:23:05Z,False
NOTION,Hooked (Grafix Remix) - Single,1628807965,None,2022-08-25T15:27:02Z,False
Pogo,Ascend,1350936658,None,2022-07-26T19:46:02Z,False
Various Artists,Sick Music 2,366510248,None,2022-07-26T01:10:15Z,False
Ivy Lab & Two Fingers,Orange - Single,1465871158,None,2022-07-21T19:18:48Z,False
Weezer,SZNZ: Summer,1628433682,None,2022-06-21T17:06:25Z,False
Sub Focus & Wilkinson,Sub Focus & Wilkinson present: Portals at EDC Las Vegas 2022: Bass Pod Stage (DJ Mix),1629254655,None,2022-06-16T12:21:37Z,False
i_o,Not Techno - Single,1391497138,None,2022-06-14T16:11:29Z,False
Mountain,Mountain,1603464216,None,2022-06-01T01:38:12Z,False
San Holo,bb u ok? Deluxe,1614621024,None,2022-05-06T14:13:59Z,False
Danzel,Pump It Up!,296397178,None,2022-04-09T15:58:35Z,False
Various Artists,X4 - EP,1598932112,None,2022-03-25T17:00:14Z,False
Above & Beyond,Group Therapy 476,1614919814,None,2022-03-23T19:21:54Z,False
Various Artists,The Sound of Drum & Bass 2016 (Viper Presents),1565400317,None,2022-03-10T18:00:38Z,False
London Elektricity,Meteorites (Remixes) [feat. Elsa Esmeralda] - EP,433409552,None,2022-03-05T08:21:17Z,False
MUZZ & Koven,Catharsis X - Single,1604774549,None,2022-02-09T17:03:53Z,False
Various Artists,Confession X Night Bass: The Album,1600968285,None,2022-01-25T05:36:56Z,False
Boys Noize,Out of the Black,560640596,None,2021-12-16T19:09:59Z,False
2caves,Luminance EP,1232274168,None,2021-12-15T18:46:55Z,False
RAIZHELL,Grey - Single,1592373253,None,2021-12-01T20:06:34Z,False
Juice WRLD,Legends Never Die (Video Version),1528431187,None,2021-11-15T16:24:46Z,False
Sub Focus,Reworks I,1586847932,None,2021-09-22T21:40:19Z,False
Wolfgang Gartner,Weekend In America (Bonus Track Version),464119402,None,2021-09-08T17:46:41Z,False
Chase & Status,No More Idols (Deluxe Edition),1445841091,None,2021-08-30T03:07:02Z,False
Various Artists,Aft25party - EP,1567049989,None,2021-07-22T15:04:40Z,False
Various Artists,Hacknet Labyrinths (Soundtrack),1265674668,None,2021-05-14T17:10:39Z,False
Cajmere,Too Underground For the Main Stage,647422476,None,2021-04-23T20:50:41Z,False
Friction,Good to Me - Single,1484465347,None,2021-03-27T14:21:21Z,False
Ludwig Ahgren,A Very Mogul Christmas - EP,1544423551,None,2020-12-19T06:50:04Z,False
Matt Watson,Ouch! - EP,1676153574,None,2020-09-04T15:33:51Z,False
Various Artists,Drum & Bass Summer Slammers 2016 (Viper Presents),1565323423,None,2020-07-14T04:12:43Z,False
Various Artists,Hospital: We Are 21,1179453307,None,2020-07-01T15:16:34Z,False
Flyingkitty & Party in Backyard,Coffin Dance GTA SA - Single,1516209658,None,2020-06-06T14:51:23Z,False
Melleefresh & deadmau5,Hey Baby - Single,844271084,None,2020-03-29T07:58:05Z,False
Various Artists,Pure Rock,1486150796,None,2020-03-08T23:20:49Z,False
MixAndMash,Moonflower,1477772968,None,2019-12-18T23:57:55Z,False
Various Artists,We Are Friends, Vol. 9,1489214107,None,2019-12-13T08:31:06Z,False
Weezer,Weezer (White Album) [Deluxe Edition],1160756134,None,2019-12-11T18:57:32Z,False
Arkells,High Noon (Deluxe),1260751542,None,2019-10-09T12:13:40Z,False
13,Revelation - Single,1451317718,None,2019-09-17T15:09:56Z,False
Toby Fox,UNDERTALE Soundtrack,1119806348,None,2020-03-04T13:49:56Z,False
CharlesTheFirst,The Ascent,1446523599,None,2019-02-12T00:36:02Z,False
Aiobahn & Vin,About U - Single,1379105787,None,2019-01-15T23:38:38Z,False
The Offspring,Smash (2008 Remaster),1485043082,None,2020-05-19T14:46:31Z,False
A Tribe Called Red,Stadium Pow Wow (feat. Black Bear) - Single,1118432176,None,2018-12-02T19:07:57Z,False
White Shag,White Shag,1246609558,None,2018-10-08T20:50:48Z,False
Model 500,Digital Solutions,1509333920,None,2018-10-08T20:50:48Z,False
Hellberg,New York City (Hellberg Remix) - Single,1412959637,None,2018-10-01T09:12:41Z,False
Unlike Pluto,Pluto Tapes,1449780278,None,2018-09-09T18:03:20Z,False
DVBBS & Jay Hardway,Voodoo - Single,1350837814,None,2018-06-01T10:42:54Z,False
a-ha,25 (Deluxe Version),392429592,None,2018-05-16T13:21:08Z,False
Tomppabeats,Sundown,1293607476,None,2018-05-07T10:38:31Z,False
Tomppabeats,Alone Time,1289524473,None,2018-05-07T10:38:26Z,False
The Offspring,Smash (Remastered),1485043082,None,2018-03-25T13:15:46Z,False
Black Tiger Sex Machine,New Worlds,1340471769,None,2018-03-20T14:21:11Z,False
Various Artists,Dirty Soundtrack,136210280,None,2018-03-16T18:36:25Z,False
GTA,Red Lips (feat. Sam Bruno) [Skrillex Remix] - Single,1062338923,None,2018-03-12T03:09:06Z,False
GTA,Death to Genres, Vol. 3 - EP,1341187726,None,2018-03-12T03:06:22Z,False
MOTi,Lion (In My Head) - Single,1205289156,None,2018-03-04T23:16:27Z,False
P!nk,The Truth About Love,545398133,None,2018-02-02T11:38:10Z,False
James,The Best of James,1445903886,None,2018-02-02T11:16:03Z,False
Kristofer Maddigan,Cuphead (Original Soundtrack),1305353572,None,2017-12-29T12:38:28Z,False
deadmau5,> album title goes here <,561758043,None,2017-12-07T11:08:23Z,False
Kero One & Azure,Kero & Azure,1226191132,None,2017-10-22T12:20:51Z,False
Party in Backyard,Bigger Better Stronger - Single,1457371395,None,2017-10-09T15:10:17Z,False
Sam Smith,The Thrill of It All (Special Video Edition),1536646939,None,2017-09-08T20:46:17Z,False
Various Artists,Melbourne Bounce,648630619,None,2017-08-10T20:47:56Z,False
Floreyyyy,Thrill Divine - Single,1263518107,None,2017-07-26T03:18:41Z,False
Floreyyyy,Timeless - Single,1258199721,None,2017-07-26T03:18:39Z,False
A Billion Robots,F**k This Party EP,1243709015,None,2017-07-12T15:33:57Z,False
B3nte,Trippin - Single,1085069080,None,2017-07-09T01:04:19Z,False
Krewella,Get Wet,689472430,None,2017-07-02T11:31:25Z,False
D!RTY PALM,Bounce Bitch - EP,980796203,None,2017-06-26T01:18:40Z,False
D!RTY PALM,Keep It Goin' - Single,1043726139,None,2017-06-26T01:08:26Z,False
GTA,DTG, Vol. 1,975377795,None,2017-05-24T10:23:57Z,False
GTA,DTG, Vol. 2 - EP,1057580073,None,2017-05-06T14:50:31Z,False
The Presidents of the United States of America,The Presidents of the United States of America (10th Aniversary Edition),28397418,None,2020-05-31T00:06:11Z,False
Muse,The 2nd Law (Deluxe Version),563015686,None,2017-02-26T23:31:13Z,False
Various Artists,Disciple 01: Purgatory,1321213044,None,2017-01-05T00:39:06Z,False
Doctor P & Flux Pavilion,Circus Three,1166812072,None,2016-12-06T22:09:23Z,False
Good Times Ahead,Good Times Ahead,1145590444,None,2016-11-25T15:54:22Z,False
Good Times Ahead & Juyen Sebulba,Hard House - Single,890020396,None,2016-11-24T00:36:32Z,False
Grouplove,Spreading Rumours (Deluxe),654438896,None,2016-11-22T03:12:46Z,False
Two Door Cinema Club,Tourist History,1451370902,None,2016-11-22T03:12:17Z,False
Smashing Pumpkins,Siamese Dream (Deluxe Edition),721207206,None,2016-11-22T03:09:24Z,False
Mr. Probz,Waves (Robin Schulz Radio Edit) - Single,1532427204,None,2016-11-10T23:45:30Z,False
Showtek,We Like To Party - Single,1425478199,None,2016-09-30T20:23:02Z,False
Ramones,Hey Ho Let's Go: Greatest Hits,853504022,None,2016-09-26T00:56:40Z,False
Miike Snow,iii,1061243224,None,2016-09-21T09:10:30Z,False
Paolo Nutini,Sunny Side Up (Bonus Track Version),317236457,None,2016-09-16T23:15:52Z,False
Alessia Cara,Know-It-All (Deluxe),1523769634,None,2016-11-21T03:03:48Z,False
La+ch,+,971372764,None,2016-08-01T14:58:53Z,False
Various Artists,No Equal, Vol. 3,1065728572,None,2016-08-01T14:28:14Z,False
Marshmello,Joytime,1072189405,None,2016-07-06T13:59:54Z,False
Don't Hug Me I'm Scared,The Love Song - Single,945527001,None,2016-07-04T19:31:21Z,False
Don't Hug Me I'm Scared,The Computer Song - Single,1020824997,None,2016-07-04T19:31:20Z,False
Don't Hug Me I'm Scared,The Time Song - Single,826566065,None,2016-07-04T19:31:19Z,False
Don't Hug Me I'm Scared,The Creativity Song - Single,695781590,None,2016-07-04T19:31:18Z,False
B.o.B,B.o.B Presents: The Adventures of Bobby Ray (Deluxe Version),368016701,None,2016-06-23T16:54:20Z,False
Caravan Palace,<º_º>,1267421240,None,2016-06-20T05:59:17Z,False
Karma Fields,Build the Cities (Reconstructions),997528252,None,2016-06-09T10:36:44Z,False
Hush,Vonk - EP,1093142759,None,2016-06-05T14:55:18Z,False
deadmau5 feat. Rob Swire,Ghosts 'n' Stuff,297640063,None,2016-04-09T16:56:40Z,False
Macklemore & Ryan Lewis,VS. Redux - EP,399139666,None,2015-11-25T02:54:16Z,False
Ramin Djawadi,Iron Man (Original Motion Picture Soundtrack),278216296,None,2014-11-10T16:14:51Z,False
Benny Benassi,Hypnotica,285865925,None,2011-07-02T18:32:35Z,False